[2024-07-02 15:58:39] [New Tab - Google Chrome] b
[2024-07-02 15:58:40] [New Tab - Google Chrome] g
[2024-07-02 15:58:40] [New Tab - Google Chrome] y
[2024-07-02 15:58:40] [New Tab - Google Chrome] w
[2024-07-02 15:58:40] [New Tab - Google Chrome] f
[2024-07-02 15:58:40] [New Tab - Google Chrome] g
[2024-07-02 15:58:40] [New Tab - Google Chrome] u
[2024-07-02 15:58:40] [New Tab - Google Chrome] w
[2024-07-02 15:58:41] [New Tab - Google Chrome] [Space]
[2024-07-02 15:58:41] [New Tab - Google Chrome] r
[2024-07-02 15:58:42] [New Tab - Google Chrome] a
[2024-07-02 15:58:42] [New Tab - Google Chrome] k
[2024-07-02 15:58:42] [New Tab - Google Chrome] s
[2024-07-02 15:58:42] [New Tab - Google Chrome] h
[2024-07-02 15:58:43] [New Tab - Google Chrome] i
[2024-07-02 15:58:43] [New Tab - Google Chrome] t
[2024-07-02 15:58:43] [New Tab - Google Chrome] [Space]
[2024-07-02 15:58:44] [New Tab - Google Chrome] p
[2024-07-02 15:58:45] [New Tab - Google Chrome] a
[2024-07-02 15:58:45] [New Tab - Google Chrome] t
[2024-07-02 15:58:45] [New Tab - Google Chrome] i
[2024-07-02 15:58:46] [New Tab - Google Chrome] a
[2024-07-02 15:58:46] [New Tab - Google Chrome] l
[2024-07-02 15:58:52] [pythonProject – keylogger.py] 2
